2026-02-13 16:05:44,245 INFO logger create Added logging handlers
2026-02-13 16:05:45,078 ERROR logger e ERROR Traceback (most recent call last):
2026-02-13 16:05:45,078 ERROR logger e ERROR File "c:\Users\paulm\dev\nanovisQ\app.py", line 189, in <module>
2026-02-13 16:05:45,079 ERROR logger e ERROR QATCH().run()
2026-02-13 16:05:45,079 ERROR logger e ERROR File "c:\Users\paulm\dev\nanovisQ\app.py", line 133, in run
2026-02-13 16:05:45,079 ERROR logger e ERROR from QATCH.ui import mainWindow
2026-02-13 16:05:45,080 ERROR logger e ERROR File "c:\Users\paulm\dev\nanovisQ\QATCH\ui\mainWindow.py", line 31, in <module>
2026-02-13 16:05:45,080 ERROR logger e ERROR from QATCH.common.licenseManager import LicenseManager
2026-02-13 16:05:45,081 ERROR logger e ERROR File "c:\Users\paulm\dev\nanovisQ\QATCH\common\licenseManager.py", line 229
2026-02-13 16:05:45,081 ERROR logger e ERROR PATH_TO_AVN_KEY)
2026-02-13 16:05:45,081 ERROR logger e ERROR IndentationError
2026-02-13 16:05:45,081 ERROR logger e ERROR :
2026-02-13 16:05:45,081 ERROR logger e ERROR unexpected indent
2026-02-13 16:06:06,312 INFO logger create Added logging handlers
2026-02-13 16:06:10,339 ERROR logger e ERROR Traceback (most recent call last):
2026-02-13 16:06:10,339 ERROR logger e ERROR File "c:\Users\paulm\dev\nanovisQ\QATCH\VisQAI\src\view\main_window.py", line 43, in <module>
2026-02-13 16:06:10,339 ERROR logger e ERROR from src.controller.formulation_controller import FormulationController
2026-02-13 16:06:10,341 ERROR logger e ERROR ModuleNotFoundError
2026-02-13 16:06:10,341 ERROR logger e ERROR :
2026-02-13 16:06:10,341 ERROR logger e ERROR No module named 'src.controller'
2026-02-13 16:06:10,341 ERROR logger e ERROR During handling of the above exception, another exception occurred:
2026-02-13 16:06:10,341 ERROR logger e ERROR Traceback (most recent call last):
2026-02-13 16:06:10,341 ERROR logger e ERROR File "c:\Users\paulm\dev\nanovisQ\app.py", line 189, in <module>
2026-02-13 16:06:10,342 ERROR logger e ERROR QATCH().run()
2026-02-13 16:06:10,342 ERROR logger e ERROR File "c:\Users\paulm\dev\nanovisQ\app.py", line 133, in run
2026-02-13 16:06:10,342 ERROR logger e ERROR from QATCH.ui import mainWindow
2026-02-13 16:06:10,342 ERROR logger e ERROR File "c:\Users\paulm\dev\nanovisQ\QATCH\ui\mainWindow.py", line 62, in <module>
2026-02-13 16:06:10,343 ERROR logger e ERROR from QATCH.VisQAI.src.view.main_window import VisQAIWindow
2026-02-13 16:06:10,343 ERROR logger e ERROR File "c:\Users\paulm\dev\nanovisQ\QATCH\VisQAI\src\view\main_window.py", line 68, in <module>
2026-02-13 16:06:10,343 ERROR logger e ERROR from QATCH.VisQAI.src.view.prediction_ui import PredictionUI
2026-02-13 16:06:10,343 ERROR logger e ERROR File "c:\Users\paulm\dev\nanovisQ\QATCH\VisQAI\src\view\prediction_ui.py", line 4, in <module>
2026-02-13 16:06:10,343 ERROR logger e ERROR from architecture import Architecture
2026-02-13 16:06:10,344 ERROR logger e ERROR ModuleNotFoundError
2026-02-13 16:06:10,344 ERROR logger e ERROR :
2026-02-13 16:06:10,344 ERROR logger e ERROR No module named 'architecture'
